Arguments: 
  C:\Program Files\nodejs\node.exe C:\Users\86132\AppData\Roaming\npm\node_modules\yarn\bin\yarn.js add webpack webpack-cli typeacript ts-loader --dev

PATH: 
  C:\WINDOWS\system32;C:\WINDOWS;C:\WINDOWS\System32\Wbem;C:\WINDOWS\System32\WindowsPowerShell\v1.0\;C:\WINDOWS\System32\OpenSSH\;C:\software\Java\jdk-11.0.8+10\bin;C:\Program Files\Git\cmd;C:\Program Files\nodejs\;C:\Program Files\MongoDB\Server\4.1\bin;C:\Program Files\MySQL\MySQL Utilities 1.6\;C:\Program Files (x86)\NetSarang\Xshell 7\;C:\Users\86132\AppData\Local\Programs\Python\Python39\Scripts\;C:\Users\86132\AppData\Local\Programs\Python\Python39\;C:\Users\86132\AppData\Local\Microsoft\WindowsApps;C:\software\vsCode\Microsoft VS Code\bin;C:\Users\86132\AppData\Roaming\npm;C:\Program Files\JetBrains\WebStorm 2021.1\bin

Yarn version: 
  1.22.10

Node version: 
  14.15.4

Platform: 
  win32 x64

Trace: 
  Error: https://registry.npm.taobao.org/typeacript: Not found
      at Request.params.callback [as _callback] (C:\Users\86132\AppData\Roaming\npm\node_modules\yarn\lib\cli.js:66988:18)
      at Request.self.callback (C:\Users\86132\AppData\Roaming\npm\node_modules\yarn\lib\cli.js:140662:22)
      at Request.emit (events.js:315:20)
      at Request.<anonymous> (C:\Users\86132\AppData\Roaming\npm\node_modules\yarn\lib\cli.js:141634:10)
      at Request.emit (events.js:315:20)
      at IncomingMessage.<anonymous> (C:\Users\86132\AppData\Roaming\npm\node_modules\yarn\lib\cli.js:141556:12)
      at Object.onceWrapper (events.js:421:28)
      at IncomingMessage.emit (events.js:327:22)
      at endReadableNT (internal/streams/readable.js:1327:12)
      at processTicksAndRejections (internal/process/task_queues.js:80:21)

npm manifest: 
  {
    "name": "webpack",
    "version": "1.0.0",
    "main": "index.js",
    "license": "MIT"
  }

yarn manifest: 
  No manifest

Lockfile: 
  No lockfile
